runtime error: Cannot read "savefile/tafe.sav".cd
proc name: Read (/mob/player/Read)
  source file: Save.dm,20
  usr: (src)
  src: Tafe (/mob/player)
  src.loc: the grass (1,1,1) (/turf/outside/grass)
  call stack:
Tafe (/mob/player): Read("savefile/tafe.sav", null)
Tafe (/mob/player): OnLogin()
Tafe (/mob/player): Login()
Tafe (/client): New()
Tafe (/client): New()
0:&lt;/mob/player&gt;Owl	OnLogin();
57:/Quest/q1 - start() : Successfully started quest 1;
57:Quest was createad! /Quest/q1;
72.5:</mob/player>Owl	SetTarget() target<Lezley>;
76.5:</mob/player>Owl	Voidspear() target<Lezley> damage<460000>;
77.5:</mob/player>Owl	Glitterlance() target<Lezley> damage<500>;
77.5:</Monster/monster4>Lezley	FoundTarget() target<Owl>;
77.5:</obj/Areatrigger>Areatrigger	Relocate() location<> owner<Lezley>;
77.5:</Monster/monster4>Lezley	ChaseState() target<Owl>;
77.5:</Monster/monster4>Lezley	UpdateThreat() target<Owl> mob<Owl> damage<>;
77.5:</mob/player>Owl	EnteredCombat() FLAG<1>;
77.5:</mob/player>Owl	DealDamage() target<Lezley> damage<1000>;
77.5:</Monster/monster4>Lezley	EnteredCombat() FLAG<1>;
85.5:</Monster/monster4>Lezley	OnDeath() from<Owl>;
85.5:</mob/player>Owl - QuestSearchForKill();
85.5:</mob/player>Owl - QuestSearchForKill() : Could not find related quest. ID might be out of reach;
85.5:</Monster/monster4>Lezley	UpdateThreat() target<Owl> mob<Owl> damage<>;
85.5:</Monster/monster4>Lezley	ResetState();
85.5:</Monster/monster4>Lezley	ClearThreat();
85.5:</obj/Areatrigger>Areatrigger	Relocate() location<the grass> owner<Lezley>;
85.5:</Monster/monster4>Lezley	ResetState() home<the grass>;
85.5:</mob/player>Owl	DealDamage() target<Lezley> damage<460000>;
85.5:</mob/player>Owl	SetTarget() target<>;
91.5:</mob/player>Owl	SetTarget() target<Lezley>;
94:</mob/player>Owl	Voidspear() target<Lezley> damage<460000>;
96:</mob/player>Owl	Glitterlance() target<Lezley> damage<500>;
96:</Monster/monster4>Lezley	FoundTarget() target<Owl>;
96:</obj/Areatrigger>Areatrigger	Relocate() location<> owner<Lezley>;
96:</Monster/monster4>Lezley	ChaseState() target<Owl>;
96:Lezley /Monster : AttackState(), target = Owl;
96:</Monster/monster4>Lezley	UpdateThreat() target<Owl> mob<Owl> damage<>;
96:</mob/player>Owl	DealDamage() target<Lezley> damage<300>;
96:</Monster/monster4>Lezley	EnteredCombat() FLAG<1>;
96:</Monster/monster4>Lezley	EnteredCombat() FLAG<1>;
96:</Monster/monster4>Lezley	DealDamage() target<Owl> damage<20>;
101.5:</mob/player>Owl	Glitterlance() target<Lezley> damage<500>;
101.5:</Monster/monster4>Lezley	UpdateThreat() target<Owl> mob<Owl> damage<>;
101.5:</mob/player>Owl	DealDamage() target<Lezley> damage<300>;
103:</Monster/monster4>Lezley	OnDeath() from<Owl>;
103:</mob/player>Owl - QuestSearchForKill();
103:</mob/player>Owl - QuestSearchForKill() : Could not find related quest. ID might be out of reach;
103:</Monster/monster4>Lezley	UpdateThreat() target<Owl> mob<Owl> damage<>;
103:</Monster/monster4>Lezley	ResetState();
103:</Monster/monster4>Lezley	ClearThreat();
103:</obj/Areatrigger>Areatrigger	Relocate() location<the south> owner<Lezley>;
103:</Monster/monster4>Lezley	ResetState() home<the south>;
103:</mob/player>Owl	DealDamage() target<Lezley> damage<920000>;
103:</mob/player>Owl	SetTarget() target<>;
104.5:</mob/player>Owl	SetTarget() target<Lezley>;
107.5:</mob/player>Owl	Voidspear() target<Lezley> damage<460000>;
109:</mob/player>Owl	Glitterlance() target<Lezley> damage<500>;
109:</Monster/monster4>Lezley	FoundTarget() target<Owl>;
109:</obj/Areatrigger>Areatrigger	Relocate() location<> owner<Lezley>;
109:</Monster/monster4>Lezley	ChaseState() target<Owl>;
109:</Monster/monster4>Lezley	UpdateThreat() target<Owl> mob<Owl> damage<>;
109:</mob/player>Owl	DealDamage() target<Lezley> damage<500>;
109:</Monster/monster4>Lezley	EnteredCombat() FLAG<1>;
112:Lezley /Monster : AttackState(), target = Owl;
112:</Monster/monster4>Lezley	DealDamage() target<Owl> damage<20>;
116.5:</Monster/monster4>Lezley	OnDeath() from<Owl>;
116.5:</mob/player>Owl - QuestSearchForKill();
116.5:</mob/player>Owl - QuestSearchForKill() : Could not find related quest. ID might be out of reach;
116.5:</Monster/monster4>Lezley	UpdateThreat() target<Owl> mob<Owl> damage<>;
116.5:</Monster/monster4>Lezley	ResetState();
116.5:</Monster/monster4>Lezley	ClearThreat();
116.5:</obj/Areatrigger>Areatrigger	Relocate() location<the north> owner<Lezley>;
116.5:</Monster/monster4>Lezley	ResetState() home<the north>;
116.5:</mob/player>Owl	DealDamage() target<Lezley> damage<460000>;
116.5:</mob/player>Owl	SetTarget() target<>;
135.5:</Monster/monster4>Lezley	OnRespawn();
139.5:</mob/player>Owl	SetTarget() target<Lezley>;
142.5:</mob/player>Owl	Voidspear() target<Lezley> damage<460000>;
148.5:</mob/player>Owl	Glitterlance() target<Lezley> damage<500>;
148.5:</Monster/monster4>Lezley	FoundTarget() target<Owl>;
148.5:</obj/Areatrigger>Areatrigger	Relocate() location<> owner<Lezley>;
148.5:</Monster/monster4>Lezley	ChaseState() target<Owl>;
148.5:</Monster/monster4>Lezley	UpdateThreat() target<Owl> mob<Owl> damage<>;
148.5:</mob/player>Owl	DealDamage() target<Lezley> damage<500>;
148.5:</Monster/monster4>Lezley	EnteredCombat() FLAG<1>;
151:Lezley /Monster : AttackState(), target = Owl;
151:</Monster/monster4>Lezley	DealDamage() target<Owl> damage<20>;
151.5:</Monster/monster4>Lezley	OnDeath() from<Owl>;
151.5:</mob/player>Owl - QuestSearchForKill();
151.5:</mob/player>Owl - QuestSearchForKill() : Could not find related quest. ID might be out of reach;
151.5:</Monster/monster4>Lezley	UpdateThreat() target<Owl> mob<Owl> damage<>;
151.5:</Monster/monster4>Lezley	ResetState();
151.5:</Monster/monster4>Lezley	ClearThreat();
151.5:</obj/Areatrigger>Areatrigger	Relocate() location<the grass> owner<Lezley>;
151.5:</Monster/monster4>Lezley	ResetState() home<the grass>;
151.5:</mob/player>Owl	DealDamage() target<Lezley> damage<460000>;
151.5:</mob/player>Owl	SetTarget() target<>;
153:</Monster/monster4>Lezley	OnRespawn();
161:</mob/player>Owl	SetTarget() target<Lezley>;
164:</mob/player>Owl	Glitterlance() target<Lezley> damage<500>;
164:</Monster/monster4>Lezley	FoundTarget() target<Owl>;
164:</obj/Areatrigger>Areatrigger	Relocate() location<> owner<Lezley>;
164:</Monster/monster4>Lezley	ChaseState() target<Owl>;
164:Lezley /Monster : AttackState(), target = Owl;
164:</Monster/monster4>Lezley	UpdateThreat() target<Owl> mob<Owl> damage<>;
164:</mob/player>Owl	DealDamage() target<Lezley> damage<500>;
164:</Monster/monster4>Lezley	EnteredCombat() FLAG<1>;
164:</Monster/monster4>Lezley	EnteredCombat() FLAG<1>;
164:</Monster/monster4>Lezley	DealDamage() target<Owl> damage<20>;
166.5:</Monster/monster4>Lezley	OnRespawn();
174:Lezley /Monster : AttackState(), target = Owl;
174:</Monster/monster4>Lezley	DealDamage() target<Owl> damage<20>;
174:</mob/player>Owl	Voidspear() target<Lezley> damage<460000>;
183:</Monster/monster4>Lezley	OnDeath() from<Owl>;
183:</mob/player>Owl - QuestSearchForKill();
183:</mob/player>Owl - QuestSearchForKill() : Could not find related quest. ID might be out of reach;
183:</Monster/monster4>Lezley	UpdateThreat() target<Owl> mob<Owl> damage<>;
183:</Monster/monster4>Lezley	ResetState();
183:</Monster/monster4>Lezley	ClearThreat();
183:</obj/Areatrigger>Areatrigger	Relocate() location<the south> owner<Lezley>;
183:</Monster/monster4>Lezley	ResetState() home<the south>;
183:</mob/player>Owl	DealDamage() target<Lezley> damage<920000>;
183:</mob/player>Owl	SetTarget() target<>;
191:</mob/player>Owl	SetTarget() target<Lezley>;
194:</mob/player>Owl	Voidspear() target<Lezley> damage<460000>;
201.5:</Monster/monster4>Lezley	OnRespawn();
203:</Monster/monster4>Lezley	OnDeath() from<Owl>;
203:</mob/player>Owl - QuestSearchForKill();
203:</mob/player>Owl - QuestSearchForKill() : Could not find related quest. ID might be out of reach;
203:</Monster/monster4>Lezley	FoundTarget() target<Owl>;
203:</obj/Areatrigger>Areatrigger	Relocate() location<> owner<Lezley>;
203:</Monster/monster4>Lezley	ChaseState() target<Owl>;
203:</Monster/monster4>Lezley	ResetState();
203:</Monster/monster4>Lezley	ClearThreat();
203:</obj/Areatrigger>Areatrigger	Relocate() location<the north> owner<Lezley>;
203:</Monster/monster4>Lezley	ResetState() home<the north>;
runtime error: Cannot execute null.Add().
proc name: UpdateThreat (/Monster/proc/UpdateThreat)
  source file: Threat.dm,26
  usr: Owl (/mob/player)
  src: Lezley (/Monster/monster4)
  usr.loc: the sand (20,13,1) (/turf/outside/sand)
  src.loc: the north (13,14,1) (/turf/outside/sand/north)
  call stack:
Lezley (/Monster/monster4): UpdateThreat(Owl (/mob/player), null)
Lezley (/Monster/monster4): OnDamage(Owl (/mob/player), null)
Lezley (/Monster/monster4): OnDamage(Owl (/mob/player))
Owl (/mob/player): DealDamage(Lezley (/Monster/monster4), 460000)
the voidspear (/obj/spell/voidspear): Attack(Lezley (/Monster/monster4))
203:</Monster/monster4>Lezley	FoundTarget() target<Owl>;
203:</obj/Areatrigger>Areatrigger	Relocate() location<> owner<Lezley>;
203:</Monster/monster4>Lezley	ChaseState() target<Owl>;
203:</Monster/monster4>Lezley	ResetState();
203:</Monster/monster4>Lezley	ClearThreat();
203:</obj/Areatrigger>Areatrigger	Relocate() location<the north> owner<Lezley>;
203:</Monster/monster4>Lezley	ResetState() home<the north>;
203:</mob/player>Owl	DealDamage() target<Lezley> damage<460000>;
203:</mob/player>Owl	SetTarget() target<>;
210:</mob/player>Owl	SetTarget() target<Lezley>;
212:</mob/player>Owl	Voidspear() target<Lezley> damage<460000>;
221:</Monster/monster4>Lezley	OnDeath() from<Owl>;
221:</mob/player>Owl - QuestSearchForKill();
221:</mob/player>Owl - QuestSearchForKill() : Could not find related quest. ID might be out of reach;
221:</Monster/monster4>Lezley	FoundTarget() target<Owl>;
221:</obj/Areatrigger>Areatrigger	Relocate() location<> owner<Lezley>;
221:</Monster/monster4>Lezley	ChaseState() target<Owl>;
221:</Monster/monster4>Lezley	ResetState();
221:</Monster/monster4>Lezley	ClearThreat();
221:</obj/Areatrigger>Areatrigger	Relocate() location<the grass> owner<Lezley>;
221:</Monster/monster4>Lezley	ResetState() home<the grass>;
runtime error: Cannot execute null.Add().
proc name: UpdateThreat (/Monster/proc/UpdateThreat)
  source file: Threat.dm,26
  usr: Owl (/mob/player)
  src: Lezley (/Monster/monster4)
  usr.loc: the sand (22,15,1) (/turf/outside/sand)
  src.loc: the grass (21,8,1) (/turf/outside/grass)
  call stack:
Lezley (/Monster/monster4): UpdateThreat(Owl (/mob/player), null)
Lezley (/Monster/monster4): OnDamage(Owl (/mob/player), null)
Lezley (/Monster/monster4): OnDamage(Owl (/mob/player))
Owl (/mob/player): DealDamage(Lezley (/Monster/monster4), 460000)
the voidspear (/obj/spell/voidspear): Attack(Lezley (/Monster/monster4))
221:</Monster/monster4>Lezley	FoundTarget() target<Owl>;
221:</obj/Areatrigger>Areatrigger	Relocate() location<> owner<Lezley>;
221:</Monster/monster4>Lezley	ChaseState() target<Owl>;
221:</Monster/monster4>Lezley	ResetState();
221:</Monster/monster4>Lezley	ClearThreat();
221:</obj/Areatrigger>Areatrigger	Relocate() location<the grass> owner<Lezley>;
221:</Monster/monster4>Lezley	ResetState() home<the grass>;
221:</mob/player>Owl	DealDamage() target<Lezley> damage<460000>;
221:</mob/player>Owl	SetTarget() target<>;
233:</Monster/monster4>Lezley	OnRespawn();
253:</Monster/monster4>Lezley	OnRespawn();
271:</Monster/monster4>Lezley	OnRespawn();
271:</mob/player>Owl	ExitedCombat() FLAG<0>;
271:</mob/player>Owl	HealthRegeneration() FLAG<true>;
